<?xml version="1.0" encoding="UTF-8"?>
<!-- Generated by org.testng.reporters.JUnitXMLReporter -->
<testsuite hostname="LAPTOP-4FF5BG5L" ignored="0" name="FirefoxTest" tests="3" failures="0" timestamp="2021-08-10T12:45:58 IST" time="20.401" errors="0">
  <testcase name="SelectKindle" time="8.538" classname="test.TestSelectandBuyKindle"/>
  <testcase name="BuyKindle" time="2.012" classname="test.TestSelectandBuyKindle"/>
  <testcase name="verify_EmailOrMob" time="0.196" classname="test.TestSelectandBuyKindle"/>
</testsuite> <!-- FirefoxTest -->
