<?xml version="1.0" encoding="UTF-8"?>
<!-- Generated by org.testng.reporters.JUnitXMLReporter -->
<testsuite hostname="LAPTOP-4FF5BG5L" ignored="0" name="InternetExplorerTest" tests="1" failures="0" timestamp="2021-08-09T14:29:09 IST" time="0.036" errors="0">
  <testcase name="@BeforeTest beforeTest" time="0.001" classname="amazonpackage.BrowserFactory">
    <failure type="java.lang.Exception" message="Browser is not correct">
      <![CDATA[java.lang.Exception: Browser is not correct
at amazonpackage.BrowserFactory.beforeTest(BrowserFactory.java:41)
... Removed 24 stack frames]]>
    </failure>
  </testcase> <!-- @BeforeTest beforeTest -->
  <testcase name="testbrowser" time="0.0" classname="amazonpackage.BrowserFactory">
    <skipped/>
  </testcase> <!-- testbrowser -->
</testsuite> <!-- InternetExplorerTest -->
